<?xml version="1.0" encoding="UTF-8"?>
<testsuite xmlns:xsi="http://www.w3.org/2001/XMLSchema-instance" xsi:noNamespaceSchemaLocation="https://maven.apache.org/surefire/maven-surefire-plugin/xsd/surefire-test-report.xsd" name="com.hcl.elearning.service.UserCourseSvcImplTest" time="0.074" tests="6" errors="0" skipped="0" failures="0">
  <properties>
[...]
</properties>
  <testcase name="enrollCourseWithInvalidUser" classname="com.hcl.elearning.service.UserCourseSvcImplTest" time="0.001"/>
  <testcase name="getAllUserEnrolledCourses" classname="com.hcl.elearning.service.UserCourseSvcImplTest" time="0.008"/>
  <testcase name="enrollCourse" classname="com.hcl.elearning.service.UserCourseSvcImplTest" time="0.009"/>
  <testcase name="getAllUserEnrolledCoursesNegative" classname="com.hcl.elearning.service.UserCourseSvcImplTest" time="0.001"/>
  <testcase name="enrollCourseWithInvalidCourse" classname="com.hcl.elearning.service.UserCourseSvcImplTest" time="0.001"/>
  <testcase name="enrollCourseWithValidRecord" classname="com.hcl.elearning.service.UserCourseSvcImplTest" time="0.002"/>
</testsuite>